<?xml version="1.0" encoding="UTF-8"?>
<testng-results skipped="0" failed="0" ignored="0" total="1" passed="1">
  <reporter-output>
  </reporter-output>
  <suite name="Suite" duration-ms="60735" started-at="2022-09-30T08:42:39 IST" finished-at="2022-09-30T08:43:39 IST">
    <groups>
    </groups>
    <test name="Test" duration-ms="60735" started-at="2022-09-30T08:42:39 IST" finished-at="2022-09-30T08:43:39 IST">
      <class name="com.treallo.qa.testcase.TrealloSystemTest">
        <test-method status="PASS" signature="setup()[pri:0, instance:com.treallo.qa.testcase.TrealloSystemTest@553a3d88]" name="setup" is-config="true" duration-ms="9678" started-at="2022-09-30T08:42:39 IST" finished-at="2022-09-30T08:42:48 IST">
          <reporter-output>
          </reporter-output>
        </test-method> <!-- setup -->
        <test-method status="PASS" signature="loginpageTest()[pri:0, instance:com.treallo.qa.testcase.TrealloSystemTest@553a3d88]" name="loginpageTest" duration-ms="50992" started-at="2022-09-30T08:42:48 IST" finished-at="2022-09-30T08:43:39 IST">
          <reporter-output>
          </reporter-output>
        </test-method> <!-- loginpageTest -->
        <test-method status="PASS" signature="teardown()[pri:0, instance:com.treallo.qa.testcase.TrealloSystemTest@553a3d88]" name="teardown" is-config="true" duration-ms="1" started-at="2022-09-30T08:43:39 IST" finished-at="2022-09-30T08:43:39 IST">
          <reporter-output>
          </reporter-output>
        </test-method> <!-- teardown -->
      </class> <!-- com.treallo.qa.testcase.TrealloSystemTest -->
    </test> <!-- Test -->
  </suite> <!-- Suite -->
</testng-results>
